<?xml version="1.0" encoding="UTF-8"?>
<!-- Generated by org.testng.reporters.JUnitReportReporter -->
<testsuite skipped="0" hostname="AZHAR" name="tests.TestCase2" tests="2" failures="0" timestamp="2021-01-06T15:35:07 IST" time="4.538" errors="0">
  <testcase name="testcase1" time="2.687" classname="tests.TestCase2"/>
  <system-out/>
  <testcase name="testcase2" time="1.851" classname="tests.TestCase2"/>
  <system-out/>
</testsuite> <!-- tests.TestCase2 -->
