<?xml version="1.0" encoding="UTF-8"?>
<!-- Generated by org.testng.reporters.JUnitReportReporter -->
<testsuite skipped="0" hostname="AZHAR" name="driverManager.TestCase" tests="1" failures="0" timestamp="2021-01-06T11:34:52 IST" time="15.131" errors="0">
  <testcase name="testcase1" time="15.131" classname="driverManager.TestCase"/>
  <system-out/>
</testsuite> <!-- driverManager.TestCase -->
