<?xml version="1.0" encoding="UTF-8"?>
<!-- Generated by org.testng.reporters.JUnitReportReporter -->
<testsuite skipped="0" hostname="AZHAR" name="tests.TestCase" tests="2" failures="0" timestamp="2021-01-06T13:01:32 IST" time="7.821" errors="0">
  <testcase name="testcase1" time="5.279" classname="tests.TestCase"/>
  <system-out/>
  <testcase name="testcase2" time="2.542" classname="tests.TestCase"/>
  <system-out/>
</testsuite> <!-- tests.TestCase -->
